[0915/190936.280:ERROR:process_memory_win.cc(73)] ReadMemory at 0x1f7802c3eb0 of 72 bytes failed: Egy ReadProcessMemory vagy WriteProcessMemory kérésnek csak egy része készült el. (0x12B)
[0915/190936.284:WARNING:pe_image_annotations_reader.cc(134)] could not read annotations list object in C:\Program Files (x86)\Google\Chrome\Application\76.0.3809.132\chrome_elf.dll
[0915/190936.284:ERROR:process_memory_win.cc(73)] ReadMemory at 0x1f7802d0000 of 64 bytes failed: Egy ReadProcessMemory vagy WriteProcessMemory kérésnek csak egy része készült el. (0x12B)
[0915/190936.284:WARNING:pe_image_reader.cc(340)] could not read dos header from C:\Windows\System32\sechost.dll
[0915/190936.285:ERROR:process_memory_win.cc(73)] ReadMemory at 0x1f78077f6c0 of 72 bytes failed: Egy ReadProcessMemory vagy WriteProcessMemory kérésnek csak egy része készült el. (0x12B)
[0915/190936.285:WARNING:pe_image_annotations_reader.cc(134)] could not read annotations list object in C:\Program Files (x86)\Google\Chrome\Application\76.0.3809.132\chrome_child.dll
[0915/190936.285:ERROR:process_memory_win.cc(73)] ReadMemory at 0x1f780370000 of 64 bytes failed: Egy ReadProcessMemory vagy WriteProcessMemory kérésnek csak egy része készült el. (0x12B)
[0915/190936.285:WARNING:pe_image_reader.cc(340)] could not read dos header from C:\Windows\System32\shcore.dll
[0915/190936.286:ERROR:process_memory_win.cc(73)] ReadMemory at 0x1f7802c3eb0 of 72 bytes failed: Egy ReadProcessMemory vagy WriteProcessMemory kérésnek csak egy része készült el. (0x12B)
[0915/190936.286:WARNING:pe_image_annotations_reader.cc(134)] could not read annotations list object in C:\Program Files (x86)\Google\Chrome\Application\76.0.3809.132\chrome_elf.dll
[0915/190936.286:ERROR:process_memory_win.cc(73)] ReadMemory at 0x1f7802d0000 of 64 bytes failed: Egy ReadProcessMemory vagy WriteProcessMemory kérésnek csak egy része készült el. (0x12B)
[0915/190936.286:WARNING:pe_image_reader.cc(340)] could not read dos header from C:\Windows\System32\sechost.dll
[0915/190936.286:ERROR:process_memory_win.cc(73)] ReadMemory at 0x1f78077f6c0 of 72 bytes failed: Egy ReadProcessMemory vagy WriteProcessMemory kérésnek csak egy része készült el. (0x12B)
[0915/190936.286:WARNING:pe_image_annotations_reader.cc(134)] could not read annotations list object in C:\Program Files (x86)\Google\Chrome\Application\76.0.3809.132\chrome_child.dll
[0915/190936.287:ERROR:process_memory_win.cc(73)] ReadMemory at 0x1f780370000 of 64 bytes failed: Egy ReadProcessMemory vagy WriteProcessMemory kérésnek csak egy része készült el. (0x12B)
[0915/190936.287:WARNING:pe_image_reader.cc(340)] could not read dos header from C:\Windows\System32\shcore.dll
[0915/190936.370:ERROR:process_memory_win.cc(73)] ReadMemory at 0xdaee1eb000 of 86016 bytes failed: Egy ReadProcessMemory vagy WriteProcessMemory kérésnek csak egy része készült el. (0x12B)
[0915/190936.370:ERROR:process_memory_win.cc(73)] ReadMemory at 0xdaee3fd000 of 12288 bytes failed: Egy ReadProcessMemory vagy WriteProcessMemory kérésnek csak egy része készült el. (0x12B)
[0915/190936.370:ERROR:process_memory_win.cc(73)] ReadMemory at 0xdaee7fd000 of 12288 bytes failed: Egy ReadProcessMemory vagy WriteProcessMemory kérésnek csak egy része készült el. (0x12B)
[0915/190936.370:ERROR:process_memory_win.cc(73)] ReadMemory at 0xdaee9fb000 of 20480 bytes failed: Egy ReadProcessMemory vagy WriteProcessMemory kérésnek csak egy része készült el. (0x12B)
[0915/190936.371:ERROR:process_memory_win.cc(73)] ReadMemory at 0xdaeebff000 of 4096 bytes failed: Egy ReadProcessMemory vagy WriteProcessMemory kérésnek csak egy része készült el. (0x12B)
[0915/190936.371:ERROR:process_memory_win.cc(73)] ReadMemory at 0xdaeedfd000 of 12288 bytes failed: Egy ReadProcessMemory vagy WriteProcessMemory kérésnek csak egy része készült el. (0x12B)
[0915/190936.371:ERROR:process_memory_win.cc(73)] ReadMemory at 0xdaeeffb000 of 20480 bytes failed: Egy ReadProcessMemory vagy WriteProcessMemory kérésnek csak egy része készült el. (0x12B)
[0915/190936.371:ERROR:process_memory_win.cc(73)] ReadMemory at 0xdaef3f5000 of 45056 bytes failed: Egy ReadProcessMemory vagy WriteProcessMemory kérésnek csak egy része készült el. (0x12B)
[0915/190936.372:ERROR:process_memory_win.cc(73)] ReadMemory at 0xdaef5f5000 of 45056 bytes failed: Egy ReadProcessMemory vagy WriteProcessMemory kérésnek csak egy része készült el. (0x12B)
[0915/190936.372:ERROR:process_memory_win.cc(73)] ReadMemory at 0xdaef7f5000 of 45056 bytes failed: Egy ReadProcessMemory vagy WriteProcessMemory kérésnek csak egy része készült el. (0x12B)
[0915/190936.372:ERROR:process_memory_win.cc(73)] ReadMemory at 0xdaef9f5000 of 45056 bytes failed: Egy ReadProcessMemory vagy WriteProcessMemory kérésnek csak egy része készült el. (0x12B)
[0915/190936.372:ERROR:process_memory_win.cc(73)] ReadMemory at 0xdaefbfd000 of 12288 bytes failed: Egy ReadProcessMemory vagy WriteProcessMemory kérésnek csak egy része készült el. (0x12B)
[0915/190936.372:ERROR:process_memory_win.cc(73)] ReadMemory at 0xdaf09f9000 of 28672 bytes failed: Egy ReadProcessMemory vagy WriteProcessMemory kérésnek csak egy része készült el. (0x12B)
[0915/190936.373:ERROR:process_memory_win.cc(73)] ReadMemory at 0xdaf05fc000 of 16384 bytes failed: Egy ReadProcessMemory vagy WriteProcessMemory kérésnek csak egy része készült el. (0x12B)
[0915/190936.373:ERROR:process_memory_win.cc(73)] ReadMemory at 0xdaee5fc000 of 16384 bytes failed: Egy ReadProcessMemory vagy WriteProcessMemory kérésnek csak egy része készült el. (0x12B)
[0915/190936.373:ERROR:process_memory_win.cc(73)] ReadMemory at 0xdaef1fc000 of 16384 bytes failed: Egy ReadProcessMemory vagy WriteProcessMemory kérésnek csak egy része készült el. (0x12B)
[0915/190936.373:ERROR:process_memory_win.cc(73)] ReadMemory at 0xdaefdfc000 of 16384 bytes failed: Egy ReadProcessMemory vagy WriteProcessMemory kérésnek csak egy része készült el. (0x12B)
[0915/190936.373:ERROR:process_memory_win.cc(73)] ReadMemory at 0xdaefffc000 of 16384 bytes failed: Egy ReadProcessMemory vagy WriteProcessMemory kérésnek csak egy része készült el. (0x12B)
[0915/190936.373:ERROR:process_memory_win.cc(73)] ReadMemory at 0xdaf01fd000 of 12288 bytes failed: Egy ReadProcessMemory vagy WriteProcessMemory kérésnek csak egy része készült el. (0x12B)
[0915/190936.373:ERROR:process_memory_win.cc(73)] ReadMemory at 0xdaf03fd000 of 12288 bytes failed: Egy ReadProcessMemory vagy WriteProcessMemory kérésnek csak egy része készült el. (0x12B)
[0915/190936.377:ERROR:process_memory_win.cc(73)] ReadMemory at 0xdaede02000 of 6024 bytes failed: Egy ReadProcessMemory vagy WriteProcessMemory kérésnek csak egy része készült el. (0x12B)
[0915/190936.377:ERROR:process_memory_win.cc(73)] ReadMemory at 0xdaede04000 of 6024 bytes failed: Egy ReadProcessMemory vagy WriteProcessMemory kérésnek csak egy része készült el. (0x12B)
[0915/190936.377:ERROR:process_memory_win.cc(73)] ReadMemory at 0xdaede06000 of 6024 bytes failed: Egy ReadProcessMemory vagy WriteProcessMemory kérésnek csak egy része készült el. (0x12B)
[0915/190936.377:ERROR:process_memory_win.cc(73)] ReadMemory at 0xdaede08000 of 6024 bytes failed: Egy ReadProcessMemory vagy WriteProcessMemory kérésnek csak egy része készült el. (0x12B)
[0915/190936.377:ERROR:process_memory_win.cc(73)] ReadMemory at 0xdaede0a000 of 6024 bytes failed: Egy ReadProcessMemory vagy WriteProcessMemory kérésnek csak egy része készült el. (0x12B)
[0915/190936.377:ERROR:process_memory_win.cc(73)] ReadMemory at 0xdaede0e000 of 6024 bytes failed: Egy ReadProcessMemory vagy WriteProcessMemory kérésnek csak egy része készült el. (0x12B)
[0915/190936.377:ERROR:process_memory_win.cc(73)] ReadMemory at 0xdaede10000 of 6024 bytes failed: Egy ReadProcessMemory vagy WriteProcessMemory kérésnek csak egy része készült el. (0x12B)
[0915/190936.378:ERROR:process_memory_win.cc(73)] ReadMemory at 0xdaede12000 of 6024 bytes failed: Egy ReadProcessMemory vagy WriteProcessMemory kérésnek csak egy része készült el. (0x12B)
[0915/190936.378:ERROR:process_memory_win.cc(73)] ReadMemory at 0xdaede14000 of 6024 bytes failed: Egy ReadProcessMemory vagy WriteProcessMemory kérésnek csak egy része készült el. (0x12B)
[0915/190936.378:ERROR:process_memory_win.cc(73)] ReadMemory at 0xdaede16000 of 6024 bytes failed: Egy ReadProcessMemory vagy WriteProcessMemory kérésnek csak egy része készült el. (0x12B)
[0915/190936.378:ERROR:process_memory_win.cc(73)] ReadMemory at 0xdaede24000 of 6024 bytes failed: Egy ReadProcessMemory vagy WriteProcessMemory kérésnek csak egy része készült el. (0x12B)
[0915/190936.378:ERROR:process_memory_win.cc(73)] ReadMemory at 0xdaedfc4000 of 6024 bytes failed: Egy ReadProcessMemory vagy WriteProcessMemory kérésnek csak egy része készült el. (0x12B)
[0915/190936.378:ERROR:process_memory_win.cc(73)] ReadMemory at 0xdaedfca000 of 6024 bytes failed: Egy ReadProcessMemory vagy WriteProcessMemory kérésnek csak egy része készült el. (0x12B)
[0915/190936.378:ERROR:process_memory_win.cc(73)] ReadMemory at 0xdaedfcc000 of 6024 bytes failed: Egy ReadProcessMemory vagy WriteProcessMemory kérésnek csak egy része készült el. (0x12B)
[0915/190936.378:ERROR:process_memory_win.cc(73)] ReadMemory at 0xdaedfce000 of 6024 bytes failed: Egy ReadProcessMemory vagy WriteProcessMemory kérésnek csak egy része készült el. (0x12B)
[0915/190936.378:ERROR:process_memory_win.cc(73)] ReadMemory at 0xdaedfd0000 of 6024 bytes failed: Egy ReadProcessMemory vagy WriteProcessMemory kérésnek csak egy része készült el. (0x12B)
[0915/190936.379:ERROR:process_memory_win.cc(73)] ReadMemory at 0xdaedfd2000 of 6024 bytes failed: Egy ReadProcessMemory vagy WriteProcessMemory kérésnek csak egy része készült el. (0x12B)
[0915/190936.379:ERROR:process_memory_win.cc(73)] ReadMemory at 0xdaedfd4000 of 6024 bytes failed: Egy ReadProcessMemory vagy WriteProcessMemory kérésnek csak egy része készült el. (0x12B)
[0915/190936.379:ERROR:process_memory_win.cc(73)] ReadMemory at 0xdaedffa000 of 852 bytes failed: Egy ReadProcessMemory vagy WriteProcessMemory kérésnek csak egy része készült el. (0x12B)
[0915/190936.379:ERROR:process_memory_win.cc(73)] ReadMemory at 0xdaedffb000 of 6024 bytes failed: Egy ReadProcessMemory vagy WriteProcessMemory kérésnek csak egy része készült el. (0x12B)
[0915/190936.379:ERROR:process_memory_win.cc(73)] ReadMemory at 0xdaedffd000 of 6024 bytes failed: Egy ReadProcessMemory vagy WriteProcessMemory kérésnek csak egy része készült el. (0x12B)
[0915/190936.379:ERROR:process_memory_win.cc(73)] ReadMemory at 0x1f7807a76f0 of 512 bytes failed: Egy ReadProcessMemory vagy WriteProcessMemory kérésnek csak egy része készült el. (0x12B)
[0915/190936.383:ERROR:process_memory_win.cc(73)] ReadMemory at 0x1f7807b4110 of 512 bytes failed: Egy ReadProcessMemory vagy WriteProcessMemory kérésnek csak egy része készült el. (0x12B)
[0915/190936.384:ERROR:process_memory_win.cc(73)] ReadMemory at 0x1f7807cba60 of 800 bytes failed: Egy ReadProcessMemory vagy WriteProcessMemory kérésnek csak egy része készült el. (0x12B)
[0915/190936.384:ERROR:process_memory_win.cc(73)] ReadMemory at 0x1f7807de9e0 of 512 bytes failed: Egy ReadProcessMemory vagy WriteProcessMemory kérésnek csak egy része készült el. (0x12B)
[0915/190936.384:ERROR:process_memory_win.cc(73)] ReadMemory at 0x1f780815ca0 of 512 bytes failed: Egy ReadProcessMemory vagy WriteProcessMemory kérésnek csak egy része készült el. (0x12B)
[0915/190936.384:ERROR:process_memory_win.cc(73)] ReadMemory at 0x1f78081ed28 of 512 bytes failed: Egy ReadProcessMemory vagy WriteProcessMemory kérésnek csak egy része készült el. (0x12B)
[0915/190936.384:ERROR:process_memory_win.cc(73)] ReadMemory at 0x1f782500e98 of 1376 bytes failed: Egy ReadProcessMemory vagy WriteProcessMemory kérésnek csak egy része készült el. (0x12B)
[0915/190936.384:ERROR:process_memory_win.cc(73)] ReadMemory at 0x1f782501708 of 512 bytes failed: Egy ReadProcessMemory vagy WriteProcessMemory kérésnek csak egy része készült el. (0x12B)
[0915/190936.384:ERROR:process_memory_win.cc(73)] ReadMemory at 0x1f78254c020 of 512 bytes failed: Egy ReadProcessMemory vagy WriteProcessMemory kérésnek csak egy része készült el. (0x12B)
[0915/190936.384:ERROR:process_memory_win.cc(73)] ReadMemory at 0x1f7841793b0 of 512 bytes failed: Egy ReadProcessMemory vagy WriteProcessMemory kérésnek csak egy része készült el. (0x12B)
[0915/190936.384:ERROR:process_memory_win.cc(73)] ReadMemory at 0x1f784c34490 of 800 bytes failed: Egy ReadProcessMemory vagy WriteProcessMemory kérésnek csak egy része készült el. (0x12B)
[0915/190936.384:ERROR:process_memory_win.cc(73)] ReadMemory at 0x1f7856e1d00 of 512 bytes failed: Egy ReadProcessMemory vagy WriteProcessMemory kérésnek csak egy része készült el. (0x12B)
[0915/190936.384:ERROR:process_memory_win.cc(73)] ReadMemory at 0x1f786c5b1d0 of 512 bytes failed: Egy ReadProcessMemory vagy WriteProcessMemory kérésnek csak egy része készült el. (0x12B)
[0915/190936.384:ERROR:process_memory_win.cc(73)] ReadMemory at 0x1f786d412a0 of 512 bytes failed: Egy ReadProcessMemory vagy WriteProcessMemory kérésnek csak egy része készült el. (0x12B)
[0915/190936.384:ERROR:process_memory_win.cc(73)] ReadMemory at 0x1f786e98290 of 512 bytes failed: Egy ReadProcessMemory vagy WriteProcessMemory kérésnek csak egy része készült el. (0x12B)
[0915/190936.385:ERROR:process_memory_win.cc(73)] ReadMemory at 0x1f787c81860 of 512 bytes failed: Egy ReadProcessMemory vagy WriteProcessMemory kérésnek csak egy része készült el. (0x12B)
[0915/190936.385:ERROR:process_memory_win.cc(73)] ReadMemory at 0x1f787d91f90 of 512 bytes failed: Egy ReadProcessMemory vagy WriteProcessMemory kérésnek csak egy része készült el. (0x12B)
[0915/190936.385:ERROR:process_memory_win.cc(73)] ReadMemory at 0x1f7880e50a0 of 512 bytes failed: Egy ReadProcessMemory vagy WriteProcessMemory kérésnek csak egy része készült el. (0x12B)
[0915/190936.385:ERROR:process_memory_win.cc(73)] ReadMemory at 0x1f7897edf90 of 512 bytes failed: Egy ReadProcessMemory vagy WriteProcessMemory kérésnek csak egy része készült el. (0x12B)
[0915/190936.385:ERROR:process_memory_win.cc(73)] ReadMemory at 0x1f7897f1118 of 512 bytes failed: Egy ReadProcessMemory vagy WriteProcessMemory kérésnek csak egy része készült el. (0x12B)
[0915/190936.385:ERROR:process_memory_win.cc(73)] ReadMemory at 0x1f789986ae8 of 512 bytes failed: Egy ReadProcessMemory vagy WriteProcessMemory kérésnek csak egy része készült el. (0x12B)
[0915/190936.385:ERROR:process_memory_win.cc(73)] ReadMemory at 0x1f78d740fe0 of 5856 bytes failed: Egy ReadProcessMemory vagy WriteProcessMemory kérésnek csak egy része készült el. (0x12B)
[0915/190936.385:ERROR:process_memory_win.cc(73)] ReadMemory at 0x1f78d7426d0 of 1012 bytes failed: Egy ReadProcessMemory vagy WriteProcessMemory kérésnek csak egy része készült el. (0x12B)
[0915/190936.385:ERROR:process_memory_win.cc(73)] ReadMemory at 0x1f78d742cf8 of 118 bytes failed: Egy ReadProcessMemory vagy WriteProcessMemory kérésnek csak egy része készült el. (0x12B)
[0915/190936.385:ERROR:process_memory_win.cc(73)] ReadMemory at 0x1f78d742d70 of 854 bytes failed: Egy ReadProcessMemory vagy WriteProcessMemory kérésnek csak egy része készült el. (0x12B)
[0915/190936.387:ERROR:process_memory_win.cc(73)] ReadMemory at 0x1f78d7430c8 of 118 bytes failed: Egy ReadProcessMemory vagy WriteProcessMemory kérésnek csak egy része készült el. (0x12B)
[0915/190936.387:ERROR:process_memory_win.cc(73)] ReadMemory at 0x1f78d743140 of 102 bytes failed: Egy ReadProcessMemory vagy WriteProcessMemory kérésnek csak egy része készült el. (0x12B)
[0915/190936.387:ERROR:process_memory_win.cc(73)] ReadMemory at 0x1f78d7431c0 of 58 bytes failed: Egy ReadProcessMemory vagy WriteProcessMemory kérésnek csak egy része készült el. (0x12B)
[0915/190936.387:ERROR:process_memory_win.cc(73)] ReadMemory at 0x1f78d7432c0 of 132 bytes failed: Egy ReadProcessMemory vagy WriteProcessMemory kérésnek csak egy része készült el. (0x12B)
[0915/190936.388:ERROR:process_memory_win.cc(73)] ReadMemory at 0x1f78d743450 of 132 bytes failed: Egy ReadProcessMemory vagy WriteProcessMemory kérésnek csak egy része készült el. (0x12B)
[0915/190936.388:ERROR:process_memory_win.cc(73)] ReadMemory at 0x1f78d743610 of 126 bytes failed: Egy ReadProcessMemory vagy WriteProcessMemory kérésnek csak egy része készült el. (0x12B)
[0915/190936.388:ERROR:process_memory_win.cc(73)] ReadMemory at 0x1f78d7439f0 of 132 bytes failed: Egy ReadProcessMemory vagy WriteProcessMemory kérésnek csak egy része készült el. (0x12B)
[0915/190936.388:ERROR:process_memory_win.cc(73)] ReadMemory at 0x1f78d743b80 of 64 bytes failed: Egy ReadProcessMemory vagy WriteProcessMemory kérésnek csak egy része készült el. (0x12B)
[0915/190936.388:ERROR:process_memory_win.cc(73)] ReadMemory at 0x1f78d743bd0 of 132 bytes failed: Egy ReadProcessMemory vagy WriteProcessMemory kérésnek csak egy része készült el. (0x12B)
[0915/190936.388:ERROR:process_memory_win.cc(73)] ReadMemory at 0x1f78d743d40 of 132 bytes failed: Egy ReadProcessMemory vagy WriteProcessMemory kérésnek csak egy része készült el. (0x12B)
[0915/190936.388:ERROR:process_memory_win.cc(73)] ReadMemory at 0x1f78d743fe0 of 132 bytes failed: Egy ReadProcessMemory vagy WriteProcessMemory kérésnek csak egy része készült el. (0x12B)
[0915/190936.388:ERROR:process_memory_win.cc(73)] ReadMemory at 0x1f78d744170 of 68 bytes failed: Egy ReadProcessMemory vagy WriteProcessMemory kérésnek csak egy része készült el. (0x12B)
[0915/190936.388:ERROR:process_memory_win.cc(73)] ReadMemory at 0x1f78d745080 of 158 bytes failed: Egy ReadProcessMemory vagy WriteProcessMemory kérésnek csak egy része készült el. (0x12B)
[0915/190936.388:ERROR:process_memory_win.cc(73)] ReadMemory at 0x1f78d745160 of 132 bytes failed: Egy ReadProcessMemory vagy WriteProcessMemory kérésnek csak egy része készült el. (0x12B)
[0915/190936.388:ERROR:process_memory_win.cc(73)] ReadMemory at 0x1f78d7452f0 of 154 bytes failed: Egy ReadProcessMemory vagy WriteProcessMemory kérésnek csak egy része készült el. (0x12B)
[0915/190936.388:ERROR:process_memory_win.cc(73)] ReadMemory at 0x1f78d745e20 of 132 bytes failed: Egy ReadProcessMemory vagy WriteProcessMemory kérésnek csak egy része készült el. (0x12B)
[0915/190936.388:ERROR:process_memory_win.cc(73)] ReadMemory at 0x1f78d7460e0 of 62 bytes failed: Egy ReadProcessMemory vagy WriteProcessMemory kérésnek csak egy része készült el. (0x12B)
[0915/190936.388:ERROR:process_memory_win.cc(73)] ReadMemory at 0x1f78d7462d0 of 132 bytes failed: Egy ReadProcessMemory vagy WriteProcessMemory kérésnek csak egy része készült el. (0x12B)
[0915/190936.389:ERROR:process_memory_win.cc(73)] ReadMemory at 0x1f78d746400 of 60 bytes failed: Egy ReadProcessMemory vagy WriteProcessMemory kérésnek csak egy része készült el. (0x12B)
[0915/190936.389:ERROR:process_memory_win.cc(73)] ReadMemory at 0x1f78d7481e0 of 132 bytes failed: Egy ReadProcessMemory vagy WriteProcessMemory kérésnek csak egy része készült el. (0x12B)
[0915/190936.389:ERROR:process_memory_win.cc(73)] ReadMemory at 0x1f78d7483f0 of 132 bytes failed: Egy ReadProcessMemory vagy WriteProcessMemory kérésnek csak egy része készült el. (0x12B)
[0915/190936.389:ERROR:process_memory_win.cc(73)] ReadMemory at 0x1f78d7486d0 of 132 bytes failed: Egy ReadProcessMemory vagy WriteProcessMemory kérésnek csak egy része készült el. (0x12B)
[0915/190936.389:ERROR:process_memory_win.cc(73)] ReadMemory at 0x1f78d74aef0 of 132 bytes failed: Egy ReadProcessMemory vagy WriteProcessMemory kérésnek csak egy része készült el. (0x12B)
[0915/190936.389:ERROR:process_memory_win.cc(73)] ReadMemory at 0x1f78d74b020 of 132 bytes failed: Egy ReadProcessMemory vagy WriteProcessMemory kérésnek csak egy része készült el. (0x12B)
[0915/190936.389:ERROR:process_memory_win.cc(73)] ReadMemory at 0x1f78d74b1b0 of 80 bytes failed: Egy ReadProcessMemory vagy WriteProcessMemory kérésnek csak egy része készült el. (0x12B)
[0915/190936.389:ERROR:process_memory_win.cc(73)] ReadMemory at 0x1f78d74b490 of 64 bytes failed: Egy ReadProcessMemory vagy WriteProcessMemory kérésnek csak egy része készült el. (0x12B)
[0915/190936.389:ERROR:process_memory_win.cc(73)] ReadMemory at 0x1f78d74b530 of 60 bytes failed: Egy ReadProcessMemory vagy WriteProcessMemory kérésnek csak egy része készült el. (0x12B)
[0915/190936.389:ERROR:process_memory_win.cc(73)] ReadMemory at 0x1f78d74b5d0 of 62 bytes failed: Egy ReadProcessMemory vagy WriteProcessMemory kérésnek csak egy része készült el. (0x12B)
[0915/190936.392:ERROR:process_memory_win.cc(73)] ReadMemory at 0x1f78d74b620 of 64 bytes failed: Egy ReadProcessMemory vagy WriteProcessMemory kérésnek csak egy része készült el. (0x12B)
[0915/190936.392:ERROR:process_memory_win.cc(73)] ReadMemory at 0x1f78d74b670 of 66 bytes failed: Egy ReadProcessMemory vagy WriteProcessMemory kérésnek csak egy része készült el. (0x12B)
[0915/190936.392:ERROR:process_memory_win.cc(73)] ReadMemory at 0x1f78d74b6c0 of 60 bytes failed: Egy ReadProcessMemory vagy WriteProcessMemory kérésnek csak egy része készült el. (0x12B)
[0915/190936.393:ERROR:process_memory_win.cc(73)] ReadMemory at 0x1f78d74b760 of 62 bytes failed: Egy ReadProcessMemory vagy WriteProcessMemory kérésnek csak egy része készült el. (0x12B)
[0915/190936.393:ERROR:process_memory_win.cc(73)] ReadMemory at 0x1f78d74b850 of 58 bytes failed: Egy ReadProcessMemory vagy WriteProcessMemory kérésnek csak egy része készült el. (0x12B)
[0915/190936.393:ERROR:process_memory_win.cc(73)] ReadMemory at 0x1f78d74b940 of 64 bytes failed: Egy ReadProcessMemory vagy WriteProcessMemory kérésnek csak egy része készült el. (0x12B)
[0915/190936.393:ERROR:process_memory_win.cc(73)] ReadMemory at 0x1f78d74bf60 of 132 bytes failed: Egy ReadProcessMemory vagy WriteProcessMemory kérésnek csak egy része készült el. (0x12B)
[0915/190936.393:ERROR:process_memory_win.cc(73)] ReadMemory at 0x1f78d74c090 of 132 bytes failed: Egy ReadProcessMemory vagy WriteProcessMemory kérésnek csak egy része készült el. (0x12B)
[0915/190936.393:ERROR:process_memory_win.cc(73)] ReadMemory at 0x1f78d74c1c0 of 132 bytes failed: Egy ReadProcessMemory vagy WriteProcessMemory kérésnek csak egy része készült el. (0x12B)
[0915/190936.393:ERROR:process_memory_win.cc(73)] ReadMemory at 0x1f78d74c2f0 of 132 bytes failed: Egy ReadProcessMemory vagy WriteProcessMemory kérésnek csak egy része készült el. (0x12B)
[0915/190936.393:ERROR:process_memory_win.cc(73)] ReadMemory at 0x1f78d74c420 of 132 bytes failed: Egy ReadProcessMemory vagy WriteProcessMemory kérésnek csak egy része készült el. (0x12B)
[0915/190936.393:ERROR:process_memory_win.cc(73)] ReadMemory at 0x1f78d74c550 of 132 bytes failed: Egy ReadProcessMemory vagy WriteProcessMemory kérésnek csak egy része készült el. (0x12B)
[0915/190936.395:ERROR:process_memory_win.cc(73)] ReadMemory at 0x1f78d74c680 of 132 bytes failed: Egy ReadProcessMemory vagy WriteProcessMemory kérésnek csak egy része készült el. (0x12B)
[0915/190936.395:ERROR:process_memory_win.cc(73)] ReadMemory at 0x1f78d74c7b0 of 132 bytes failed: Egy ReadProcessMemory vagy WriteProcessMemory kérésnek csak egy része készült el. (0x12B)
[0915/190936.395:ERROR:process_memory_win.cc(73)] ReadMemory at 0x1f78d74c8e0 of 132 bytes failed: Egy ReadProcessMemory vagy WriteProcessMemory kérésnek csak egy része készült el. (0x12B)
[0915/190936.395:ERROR:process_memory_win.cc(73)] ReadMemory at 0x1f78d74cb40 of 132 bytes failed: Egy ReadProcessMemory vagy WriteProcessMemory kérésnek csak egy része készült el. (0x12B)
[0915/190936.396:ERROR:process_memory_win.cc(73)] ReadMemory at 0x1f78d74cc70 of 132 bytes failed: Egy ReadProcessMemory vagy WriteProcessMemory kérésnek csak egy része készült el. (0x12B)
[0915/190936.396:ERROR:process_memory_win.cc(73)] ReadMemory at 0x1f78d74cda0 of 132 bytes failed: Egy ReadProcessMemory vagy WriteProcessMemory kérésnek csak egy része készült el. (0x12B)
[0915/190936.396:ERROR:process_memory_win.cc(73)] ReadMemory at 0x1f78d74f230 of 132 bytes failed: Egy ReadProcessMemory vagy WriteProcessMemory kérésnek csak egy része készült el. (0x12B)
[0915/190936.396:ERROR:process_memory_win.cc(73)] ReadMemory at 0x1f78d750160 of 132 bytes failed: Egy ReadProcessMemory vagy WriteProcessMemory kérésnek csak egy része készült el. (0x12B)
[0915/190936.396:ERROR:process_memory_win.cc(73)] ReadMemory at 0x1f78d7532d0 of 132 bytes failed: Egy ReadProcessMemory vagy WriteProcessMemory kérésnek csak egy része készült el. (0x12B)
[0915/190936.396:ERROR:process_memory_win.cc(73)] ReadMemory at 0x1f78d755ae0 of 54 bytes failed: Egy ReadProcessMemory vagy WriteProcessMemory kérésnek csak egy része készült el. (0x12B)
[0915/190936.397:ERROR:process_memory_win.cc(73)] ReadMemory at 0x1f78d7568a0 of 76 bytes failed: Egy ReadProcessMemory vagy WriteProcessMemory kérésnek csak egy része készült el. (0x12B)
[0915/190936.397:ERROR:process_memory_win.cc(73)] ReadMemory at 0x1f78d757060 of 62 bytes failed: Egy ReadProcessMemory vagy WriteProcessMemory kérésnek csak egy része készült el. (0x12B)
[0915/190936.397:ERROR:process_memory_win.cc(73)] ReadMemory at 0x1f78d7570b0 of 62 bytes failed: Egy ReadProcessMemory vagy WriteProcessMemory kérésnek csak egy része készült el. (0x12B)
[0915/190936.398:ERROR:process_memory_win.cc(73)] ReadMemory at 0x1f78d757150 of 60 bytes failed: Egy ReadProcessMemory vagy WriteProcessMemory kérésnek csak egy része készült el. (0x12B)
[0915/190936.399:ERROR:process_memory_win.cc(73)] ReadMemory at 0x1f78d7571a0 of 66 bytes failed: Egy ReadProcessMemory vagy WriteProcessMemory kérésnek csak egy része készült el. (0x12B)
[0915/190936.399:ERROR:process_memory_win.cc(73)] ReadMemory at 0x1f78d757290 of 60 bytes failed: Egy ReadProcessMemory vagy WriteProcessMemory kérésnek csak egy része készült el. (0x12B)
[0915/190936.399:ERROR:process_memory_win.cc(73)] ReadMemory at 0x1f78d7572e0 of 66 bytes failed: Egy ReadProcessMemory vagy WriteProcessMemory kérésnek csak egy része készült el. (0x12B)
[0915/190936.399:ERROR:process_memory_win.cc(73)] ReadMemory at 0x1f78d7573d0 of 62 bytes failed: Egy ReadProcessMemory vagy WriteProcessMemory kérésnek csak egy része készült el. (0x12B)
[0915/190936.400:ERROR:process_memory_win.cc(73)] ReadMemory at 0x1f78d757420 of 58 bytes failed: Egy ReadProcessMemory vagy WriteProcessMemory kérésnek csak egy része készült el. (0x12B)
[0915/190936.400:ERROR:process_memory_win.cc(73)] ReadMemory at 0x1f78d757470 of 60 bytes failed: Egy ReadProcessMemory vagy WriteProcessMemory kérésnek csak egy része készült el. (0x12B)
[0915/190936.400:ERROR:process_memory_win.cc(73)] ReadMemory at 0x1f78d757650 of 58 bytes failed: Egy ReadProcessMemory vagy WriteProcessMemory kérésnek csak egy része készült el. (0x12B)
[0915/190936.400:ERROR:process_memory_win.cc(73)] ReadMemory at 0x1f78d7576a0 of 62 bytes failed: Egy ReadProcessMemory vagy WriteProcessMemory kérésnek csak egy része készült el. (0x12B)
[0915/190936.400:ERROR:process_memory_win.cc(73)] ReadMemory at 0x1f78d757790 of 62 bytes failed: Egy ReadProcessMemory vagy WriteProcessMemory kérésnek csak egy része készült el. (0x12B)
[0915/190936.400:ERROR:process_memory_win.cc(73)] ReadMemory at 0x1f78d7577e0 of 64 bytes failed: Egy ReadProcessMemory vagy WriteProcessMemory kérésnek csak egy része készült el. (0x12B)
[0915/190936.400:ERROR:process_memory_win.cc(73)] ReadMemory at 0x1f78d757830 of 62 bytes failed: Egy ReadProcessMemory vagy WriteProcessMemory kérésnek csak egy része készült el. (0x12B)
[0915/190936.400:ERROR:process_memory_win.cc(73)] ReadMemory at 0x1f78d757970 of 64 bytes failed: Egy ReadProcessMemory vagy WriteProcessMemory kérésnek csak egy része készült el. (0x12B)
[0915/190936.400:ERROR:process_memory_win.cc(73)] ReadMemory at 0x1f78d757b00 of 62 bytes failed: Egy ReadProcessMemory vagy WriteProcessMemory kérésnek csak egy része készült el. (0x12B)
[0915/190936.400:ERROR:process_memory_win.cc(73)] ReadMemory at 0x1f78d757b50 of 60 bytes failed: Egy ReadProcessMemory vagy WriteProcessMemory kérésnek csak egy része készült el. (0x12B)
[0915/190936.400:ERROR:process_memory_win.cc(73)] ReadMemory at 0x1f78d757ba0 of 60 bytes failed: Egy ReadProcessMemory vagy WriteProcessMemory kérésnek csak egy része készült el. (0x12B)
[0915/190936.400:ERROR:process_memory_win.cc(73)] ReadMemory at 0x1f78d757d80 of 60 bytes failed: Egy ReadProcessMemory vagy WriteProcessMemory kérésnek csak egy része készült el. (0x12B)
[0915/190936.400:ERROR:process_memory_win.cc(73)] ReadMemory at 0x1f78d757dd0 of 64 bytes failed: Egy ReadProcessMemory vagy WriteProcessMemory kérésnek csak egy része készült el. (0x12B)
[0915/190936.401:ERROR:process_memory_win.cc(73)] ReadMemory at 0x1f78d757e70 of 62 bytes failed: Egy ReadProcessMemory vagy WriteProcessMemory kérésnek csak egy része készült el. (0x12B)
[0915/190936.401:ERROR:process_memory_win.cc(73)] ReadMemory at 0x1f78d757f10 of 64 bytes failed: Egy ReadProcessMemory vagy WriteProcessMemory kérésnek csak egy része készült el. (0x12B)
[0915/190936.401:ERROR:process_memory_win.cc(73)] ReadMemory at 0x1f78d757f60 of 64 bytes failed: Egy ReadProcessMemory vagy WriteProcessMemory kérésnek csak egy része készült el. (0x12B)
[0915/190936.401:ERROR:process_memory_win.cc(73)] ReadMemory at 0x1f78d758020 of 132 bytes failed: Egy ReadProcessMemory vagy WriteProcessMemory kérésnek csak egy része készült el. (0x12B)
[0915/190936.401:ERROR:process_memory_win.cc(73)] ReadMemory at 0x1f78d7583b0 of 132 bytes failed: Egy ReadProcessMemory vagy WriteProcessMemory kérésnek csak egy része készült el. (0x12B)
[0915/190936.401:ERROR:process_memory_win.cc(73)] ReadMemory at 0x1f78d7584e0 of 132 bytes failed: Egy ReadProcessMemory vagy WriteProcessMemory kérésnek csak egy része készült el. (0x12B)
[0915/190936.401:ERROR:process_memory_win.cc(73)] ReadMemory at 0x1f78d758870 of 132 bytes failed: Egy ReadProcessMemory vagy WriteProcessMemory kérésnek csak egy része készült el. (0x12B)
[0915/190936.401:ERROR:process_memory_win.cc(73)] ReadMemory at 0x1f78d758f90 of 132 bytes failed: Egy ReadProcessMemory vagy WriteProcessMemory kérésnek csak egy része készült el. (0x12B)
[0915/190936.401:ERROR:process_memory_win.cc(73)] ReadMemory at 0x1f78d7590c0 of 132 bytes failed: Egy ReadProcessMemory vagy WriteProcessMemory kérésnek csak egy része készült el. (0x12B)
[0915/190936.401:ERROR:process_memory_win.cc(73)] ReadMemory at 0x1f78d7591f0 of 132 bytes failed: Egy ReadProcessMemory vagy WriteProcessMemory kérésnek csak egy része készült el. (0x12B)
[0915/190936.401:ERROR:process_memory_win.cc(73)] ReadMemory at 0x1f78d759320 of 132 bytes failed: Egy ReadProcessMemory vagy WriteProcessMemory kérésnek csak egy része készült el. (0x12B)
[0915/190936.401:ERROR:process_memory_win.cc(73)] ReadMemory at 0x1f78d759450 of 132 bytes failed: Egy ReadProcessMemory vagy WriteProcessMemory kérésnek csak egy része készült el. (0x12B)
[0915/190936.402:ERROR:process_memory_win.cc(73)] ReadMemory at 0x1f78d7597e0 of 132 bytes failed: Egy ReadProcessMemory vagy WriteProcessMemory kérésnek csak egy része készült el. (0x12B)
[0915/190936.402:ERROR:process_memory_win.cc(73)] ReadMemory at 0x1f78d759910 of 132 bytes failed: Egy ReadProcessMemory vagy WriteProcessMemory kérésnek csak egy része készült el. (0x12B)
[0915/190936.402:ERROR:process_memory_win.cc(73)] ReadMemory at 0x1f78d759a40 of 132 bytes failed: Egy ReadProcessMemory vagy WriteProcessMemory kérésnek csak egy része készült el. (0x12B)
[0915/190936.402:ERROR:process_memory_win.cc(73)] ReadMemory at 0x1f78d759ca0 of 132 bytes failed: Egy ReadProcessMemory vagy WriteProcessMemory kérésnek csak egy része készült el. (0x12B)
[0915/190936.402:ERROR:process_memory_win.cc(73)] ReadMemory at 0x1f78d759dd0 of 132 bytes failed: Egy ReadProcessMemory vagy WriteProcessMemory kérésnek csak egy része készült el. (0x12B)
[0915/190936.402:ERROR:process_memory_win.cc(73)] ReadMemory at 0x1f78d76d780 of 512 bytes failed: Egy ReadProcessMemory vagy WriteProcessMemory kérésnek csak egy része készült el. (0x12B)
[0915/190936.402:ERROR:process_memory_win.cc(73)] ReadMemory at 0x1f78d76e6d0 of 512 bytes failed: Egy ReadProcessMemory vagy WriteProcessMemory kérésnek csak egy része készült el. (0x12B)
[0915/190936.402:ERROR:process_memory_win.cc(73)] ReadMemory at 0x24b34d500000 of 384 bytes failed: Egy ReadProcessMemory vagy WriteProcessMemory kérésnek csak egy része készült el. (0x12B)
[0915/190936.402:ERROR:process_memory_win.cc(73)] ReadMemory at 0x24b34d5259d0 of 512 bytes failed: Egy ReadProcessMemory vagy WriteProcessMemory kérésnek csak egy része készült el. (0x12B)
[0915/190936.403:ERROR:process_memory_win.cc(73)] ReadMemory at 0x24b34d532580 of 544 bytes failed: Egy ReadProcessMemory vagy WriteProcessMemory kérésnek csak egy része készült el. (0x12B)
[0915/190936.421:ERROR:scoped_process_suspend.cc(40)] NtResumeProcess: Kísérlet történt egy éppen kilépõ folyamat elérésére. (0xc000010a)
